folioreader/build/intermediates/manifest_merge_blame_file/debug/manifest-merger-blame-debug-report.txt
1<?xml version="1.0" encoding="utf-8"?>
2<manifest xmlns:android="http://schemas.android.com/apk/res/android"
3    xmlns:tools="http://schemas.android.com/tools"
4    package="com.folioreader"
5    android:versionCode="1"
6    android:versionName="1.0" >
7
8    <uses-sdk
8-->epub_reader_rnd\folioreader\AndroidManifest.xml:9:5-88
9        android:minSdkVersion="19"
9-->epub_reader_rnd\folioreader\AndroidManifest.xml:9:5-88
10        android:targetSdkVersion="28"
10-->epub_reader_rnd\folioreader\AndroidManifest.xml:9:5-88
11        tools:overrideLibrary="org.readium.r2.streamer, org.readium.r2.shared" />
11-->epub_reader_rnd\folioreader\AndroidManifest.xml:9:15-85
12
13    <uses-permission android:name="android.permission.WRITE_EXTERNAL_STORAGE" />
13-->epub_reader_rnd\folioreader\AndroidManifest.xml:6:5-81
13-->epub_reader_rnd\folioreader\AndroidManifest.xml:6:22-78
14    <uses-permission android:name="android.permission.INTERNET" />
14-->epub_reader_rnd\folioreader\AndroidManifest.xml:7:5-67
14-->epub_reader_rnd\folioreader\AndroidManifest.xml:7:22-64
15
16    <application
16-->epub_reader_rnd\folioreader\AndroidManifest.xml:11:5-41:19
17        android:allowBackup="true"
17-->epub_reader_rnd\folioreader\AndroidManifest.xml:12:9-35
18        android:networkSecurityConfig="@xml/network_security_config"
18-->epub_reader_rnd\folioreader\AndroidManifest.xml:13:9-69
19        tools:replace="android:allowBackup" >
19-->epub_reader_rnd\folioreader\AndroidManifest.xml:14:9-44
20        <provider
20-->epub_reader_rnd\folioreader\AndroidManifest.xml:16:9-19:40
21            android:name="com.folioreader.AppContext"
21-->epub_reader_rnd\folioreader\AndroidManifest.xml:17:13-39
22            android:authorities="dollar_openBracket_applicationId_closeBracket.provider.appcontext"
22-->epub_reader_rnd\folioreader\AndroidManifest.xml:18:13-71
23            android:exported="false" />
23-->epub_reader_rnd\folioreader\AndroidManifest.xml:19:13-37
24
25        <activity
25-->epub_reader_rnd\folioreader\AndroidManifest.xml:21:9-24:60
26            android:name="com.folioreader.ui.activity.FolioActivity"
26-->epub_reader_rnd\folioreader\AndroidManifest.xml:22:13-69
27            android:label="@string/app_name"
27-->epub_reader_rnd\folioreader\AndroidManifest.xml:23:13-45
28            android:theme="@style/FolioActivityDayTheme" />
28-->epub_reader_rnd\folioreader\AndroidManifest.xml:24:13-57
29        <activity
29-->epub_reader_rnd\folioreader\AndroidManifest.xml:26:9-28:59
30            android:name="com.folioreader.ui.activity.ContentHighlightActivity"
30-->epub_reader_rnd\folioreader\AndroidManifest.xml:27:13-80
31            android:theme="@style/AppTheme.NoActionBar" />
31-->epub_reader_rnd\folioreader\AndroidManifest.xml:28:13-56
32        <activity
32-->epub_reader_rnd\folioreader\AndroidManifest.xml:30:9-39:20
33            android:name="com.folioreader.ui.activity.SearchActivity"
33-->epub_reader_rnd\folioreader\AndroidManifest.xml:31:13-70
34            android:launchMode="singleTop" >
34-->epub_reader_rnd\folioreader\AndroidManifest.xml:32:13-43
35            <intent-filter>
35-->epub_reader_rnd\folioreader\AndroidManifest.xml:33:13-35:29
36                <action android:name="android.intent.action.SEARCH" />
36-->epub_reader_rnd\folioreader\AndroidManifest.xml:34:17-71
36-->epub_reader_rnd\folioreader\AndroidManifest.xml:34:25-68
37            </intent-filter>
38
39            <meta-data
39-->epub_reader_rnd\folioreader\AndroidManifest.xml:36:13-38:54
40                android:name="android.app.searchable"
40-->epub_reader_rnd\folioreader\AndroidManifest.xml:37:17-54
41                android:resource="@xml/searchable" />
41-->epub_reader_rnd\folioreader\AndroidManifest.xml:38:17-51
42        </activity>
43    </application>
44
45</manifest>